[debug] [2025-04-03T21:07:10.421Z] ----------------------------------------------------------------------
[debug] [2025-04-03T21:07:10.428Z] Command:       C:\Program Files\nodejs\node.exe C:\Users\Usuario\AppData\Roaming\npm\node_modules\firebase-tools\lib\bin\firebase.js emulators:start --only functions
[debug] [2025-04-03T21:07:10.428Z] CLI Version:   14.1.0
[debug] [2025-04-03T21:07:10.428Z] Platform:      win32
[debug] [2025-04-03T21:07:10.428Z] Node Version:  v22.13.1
[debug] [2025-04-03T21:07:10.428Z] Time:          Thu Apr 03 2025 18:07:10 GMT-0300 (Horário Padrão de Brasília)
[debug] [2025-04-03T21:07:10.428Z] ----------------------------------------------------------------------
[debug] 
[debug] [2025-04-03T21:07:10.663Z] > command requires scopes: ["email","openid","https://www.googleapis.com/auth/cloudplatformprojects.readonly","https://www.googleapis.com/auth/firebase","https://www.googleapis.com/auth/cloud-platform"]
[debug] [2025-04-03T21:07:10.663Z] > authorizing via signed-in user (gocg.certidao@gmail.com)
[info] i  emulators: Starting emulators: functions {"metadata":{"emulator":{"name":"hub"},"message":"Starting emulators: functions"}}
[debug] [2025-04-03T21:07:10.671Z] [logging] Logging Emulator only supports listening on one address (127.0.0.1). Not listening on ::1
[debug] [2025-04-03T21:07:10.672Z] assigned listening specs for emulators {"user":{"hub":[{"address":"127.0.0.1","family":"IPv4","port":4400},{"address":"::1","family":"IPv6","port":4400}],"ui":[{"address":"127.0.0.1","family":"IPv4","port":4000},{"address":"::1","family":"IPv6","port":4000}],"logging":[{"address":"127.0.0.1","family":"IPv4","port":4500}]},"metadata":{"message":"assigned listening specs for emulators"}}
[debug] [2025-04-03T21:07:10.677Z] [hub] writing locator at C:\Users\Usuario\AppData\Local\Temp\hub-certidao-gocg.json
[debug] [2025-04-03T21:07:10.701Z] [functions] Functions Emulator only supports listening on one address (127.0.0.1). Not listening on ::1
[debug] [2025-04-03T21:07:10.701Z] [eventarc] Eventarc Emulator only supports listening on one address (127.0.0.1). Not listening on ::1
[debug] [2025-04-03T21:07:10.701Z] [tasks] Cloud Tasks Emulator only supports listening on one address (127.0.0.1). Not listening on ::1
[debug] [2025-04-03T21:07:10.701Z] late-assigned ports for functions and eventarc emulators {"user":{"hub":[{"address":"127.0.0.1","family":"IPv4","port":4400},{"address":"::1","family":"IPv6","port":4400}],"ui":[{"address":"127.0.0.1","family":"IPv4","port":4000},{"address":"::1","family":"IPv6","port":4000}],"logging":[{"address":"127.0.0.1","family":"IPv4","port":4500}],"functions":[{"address":"127.0.0.1","family":"IPv4","port":5001}],"eventarc":[{"address":"127.0.0.1","family":"IPv4","port":9299}],"tasks":[{"address":"127.0.0.1","family":"IPv4","port":9499}]},"metadata":{"message":"late-assigned ports for functions and eventarc emulators"}}
[warn] !  functions: The following emulators are not running, calls to these services from the Functions emulator will affect production: apphosting, auth, firestore, database, hosting, pubsub, storage, dataconnect {"metadata":{"emulator":{"name":"functions"},"message":"The following emulators are not running, calls to these services from the Functions emulator will affect production: \u001b[1mapphosting, auth, firestore, database, hosting, pubsub, storage, dataconnect\u001b[22m"}}
[debug] [2025-04-03T21:07:10.722Z] defaultcredentials: writing to file C:\Users\Usuario\AppData\Roaming\firebase\gocg_certidao_gmail.com_application_default_credentials.json
[debug] [2025-04-03T21:07:10.728Z] Setting GAC to C:\Users\Usuario\AppData\Roaming\firebase\gocg_certidao_gmail.com_application_default_credentials.json {"metadata":{"emulator":{"name":"functions"},"message":"Setting GAC to C:\\Users\\Usuario\\AppData\\Roaming\\firebase\\gocg_certidao_gmail.com_application_default_credentials.json"}}
[debug] [2025-04-03T21:07:10.730Z] Checked if tokens are valid: true, expires at: 1743717412287
[debug] [2025-04-03T21:07:10.730Z] Checked if tokens are valid: true, expires at: 1743717412287
[debug] [2025-04-03T21:07:10.731Z] >>> [apiv2][query] GET https://firebase.googleapis.com/v1beta1/projects/certidao-gocg/adminSdkConfig [none]
[debug] [2025-04-03T21:07:11.335Z] <<< [apiv2][status] GET https://firebase.googleapis.com/v1beta1/projects/certidao-gocg/adminSdkConfig 200
[debug] [2025-04-03T21:07:11.335Z] <<< [apiv2][body] GET https://firebase.googleapis.com/v1beta1/projects/certidao-gocg/adminSdkConfig {"projectId":"certidao-gocg","databaseURL":"https://certidao-gocg-default-rtdb.firebaseio.com","storageBucket":"certidao-gocg.firebasestorage.app"}
[info] i  ui: downloading ui-v1.14.0.zip... {"metadata":{"emulator":{"name":"ui"},"message":"downloading ui-v1.14.0.zip..."}}
[debug] [2025-04-03T21:07:11.420Z] >>> [apiv2][query] GET https://storage.googleapis.com/firebase-preview-drop/emulator/ui-v1.14.0.zip 
[debug] [2025-04-03T21:07:11.729Z] <<< [apiv2][status] GET https://storage.googleapis.com/firebase-preview-drop/emulator/ui-v1.14.0.zip 200
[debug] [2025-04-03T21:07:11.730Z] <<< [apiv2][body] GET https://storage.googleapis.com/firebase-preview-drop/emulator/ui-v1.14.0.zip [stream]
[debug] [2025-04-03T21:07:11.860Z] Data is 3615311
[debug] [2025-04-03T21:07:11.861Z] [unzip] Entry: client/ (compressed_size=0 bytes, uncompressed_size=0 bytes)
[debug] [2025-04-03T21:07:11.861Z] [unzip] Processing entry: client\
[debug] [2025-04-03T21:07:11.861Z] [unzip] mkdir: C:\Users\Usuario\.cache\firebase\emulators\ui-v1.14.0\client\
[debug] [2025-04-03T21:07:11.863Z] [unzip] Entry: client/favicon-16x16.png (compressed_size=293 bytes, uncompressed_size=293 bytes)
[debug] [2025-04-03T21:07:11.863Z] [unzip] Processing entry: client\favicon-16x16.png
[debug] [2025-04-03T21:07:11.863Z] [unzip] else mkdir: C:\Users\Usuario\.cache\firebase\emulators\ui-v1.14.0\client
[debug] [2025-04-03T21:07:11.864Z] [unzip] Writing file: C:\Users\Usuario\.cache\firebase\emulators\ui-v1.14.0\client\favicon-16x16.png
[debug] [2025-04-03T21:07:11.869Z] [unzip] Entry: client/safari-pinned-tab.svg (compressed_size=1433 bytes, uncompressed_size=2611 bytes)
[debug] [2025-04-03T21:07:11.870Z] [unzip] Processing entry: client\safari-pinned-tab.svg
[debug] [2025-04-03T21:07:11.870Z] [unzip] else mkdir: C:\Users\Usuario\.cache\firebase\emulators\ui-v1.14.0\client
[debug] [2025-04-03T21:07:11.871Z] [unzip] deflating: C:\Users\Usuario\.cache\firebase\emulators\ui-v1.14.0\client\safari-pinned-tab.svg
[debug] [2025-04-03T21:07:11.879Z] [unzip] Entry: client/favicon.ico (compressed_size=2933 bytes, uncompressed_size=13294 bytes)
[debug] [2025-04-03T21:07:11.880Z] [unzip] Processing entry: client\favicon.ico
[debug] [2025-04-03T21:07:11.880Z] [unzip] else mkdir: C:\Users\Usuario\.cache\firebase\emulators\ui-v1.14.0\client
[debug] [2025-04-03T21:07:11.880Z] [unzip] deflating: C:\Users\Usuario\.cache\firebase\emulators\ui-v1.14.0\client\favicon.ico
[debug] [2025-04-03T21:07:11.886Z] [unzip] Entry: client/index.html (compressed_size=1363 bytes, uncompressed_size=3071 bytes)
[debug] [2025-04-03T21:07:11.887Z] [unzip] Processing entry: client\index.html
[debug] [2025-04-03T21:07:11.887Z] [unzip] else mkdir: C:\Users\Usuario\.cache\firebase\emulators\ui-v1.14.0\client
[debug] [2025-04-03T21:07:11.887Z] [unzip] deflating: C:\Users\Usuario\.cache\firebase\emulators\ui-v1.14.0\client\index.html
[debug] [2025-04-03T21:07:11.895Z] [unzip] Entry: client/android-chrome-192x192.png (compressed_size=2684 bytes, uncompressed_size=2684 bytes)
[debug] [2025-04-03T21:07:11.895Z] [unzip] Processing entry: client\android-chrome-192x192.png
[debug] [2025-04-03T21:07:11.895Z] [unzip] else mkdir: C:\Users\Usuario\.cache\firebase\emulators\ui-v1.14.0\client
[debug] [2025-04-03T21:07:11.896Z] [unzip] Writing file: C:\Users\Usuario\.cache\firebase\emulators\ui-v1.14.0\client\android-chrome-192x192.png
[debug] [2025-04-03T21:07:11.900Z] [unzip] Entry: client/apple-touch-icon.png (compressed_size=2123 bytes, uncompressed_size=2152 bytes)
[debug] [2025-04-03T21:07:11.900Z] [unzip] Processing entry: client\apple-touch-icon.png
[debug] [2025-04-03T21:07:11.900Z] [unzip] else mkdir: C:\Users\Usuario\.cache\firebase\emulators\ui-v1.14.0\client
[debug] [2025-04-03T21:07:11.901Z] [unzip] deflating: C:\Users\Usuario\.cache\firebase\emulators\ui-v1.14.0\client\apple-touch-icon.png
[debug] [2025-04-03T21:07:11.906Z] [unzip] Entry: client/android-chrome-512x512.png (compressed_size=5369 bytes, uncompressed_size=5411 bytes)
[debug] [2025-04-03T21:07:11.906Z] [unzip] Processing entry: client\android-chrome-512x512.png
[debug] [2025-04-03T21:07:11.906Z] [unzip] else mkdir: C:\Users\Usuario\.cache\firebase\emulators\ui-v1.14.0\client
[debug] [2025-04-03T21:07:11.907Z] [unzip] deflating: C:\Users\Usuario\.cache\firebase\emulators\ui-v1.14.0\client\android-chrome-512x512.png
[debug] [2025-04-03T21:07:11.912Z] [unzip] Entry: client/manifest.json (compressed_size=245 bytes, uncompressed_size=551 bytes)
[debug] [2025-04-03T21:07:11.912Z] [unzip] Processing entry: client\manifest.json
[debug] [2025-04-03T21:07:11.912Z] [unzip] else mkdir: C:\Users\Usuario\.cache\firebase\emulators\ui-v1.14.0\client
[debug] [2025-04-03T21:07:11.913Z] [unzip] deflating: C:\Users\Usuario\.cache\firebase\emulators\ui-v1.14.0\client\manifest.json
[debug] [2025-04-03T21:07:11.918Z] [unzip] Entry: client/robots.txt (compressed_size=26 bytes, uncompressed_size=26 bytes)
[debug] [2025-04-03T21:07:11.919Z] [unzip] Processing entry: client\robots.txt
[debug] [2025-04-03T21:07:11.919Z] [unzip] else mkdir: C:\Users\Usuario\.cache\firebase\emulators\ui-v1.14.0\client
[debug] [2025-04-03T21:07:11.919Z] [unzip] Writing file: C:\Users\Usuario\.cache\firebase\emulators\ui-v1.14.0\client\robots.txt
[debug] [2025-04-03T21:07:11.924Z] [unzip] Entry: client/mstile-150x150.png (compressed_size=2034 bytes, uncompressed_size=2034 bytes)
[debug] [2025-04-03T21:07:11.924Z] [unzip] Processing entry: client\mstile-150x150.png
[debug] [2025-04-03T21:07:11.924Z] [unzip] else mkdir: C:\Users\Usuario\.cache\firebase\emulators\ui-v1.14.0\client
[debug] [2025-04-03T21:07:11.925Z] [unzip] Writing file: C:\Users\Usuario\.cache\firebase\emulators\ui-v1.14.0\client\mstile-150x150.png
[debug] [2025-04-03T21:07:11.929Z] [unzip] Entry: client/assets/ (compressed_size=0 bytes, uncompressed_size=0 bytes)
[debug] [2025-04-03T21:07:11.930Z] [unzip] Processing entry: client\assets\
[debug] [2025-04-03T21:07:11.930Z] [unzip] mkdir: C:\Users\Usuario\.cache\firebase\emulators\ui-v1.14.0\client\assets\
[debug] [2025-04-03T21:07:11.930Z] [unzip] Entry: client/assets/index-ClZTY_JS.js.map (compressed_size=2328270 bytes, uncompressed_size=9947004 bytes)
[debug] [2025-04-03T21:07:11.930Z] [unzip] Processing entry: client\assets\index-ClZTY_JS.js.map
[debug] [2025-04-03T21:07:11.930Z] [unzip] else mkdir: C:\Users\Usuario\.cache\firebase\emulators\ui-v1.14.0\client\assets
[debug] [2025-04-03T21:07:11.931Z] [unzip] deflating: C:\Users\Usuario\.cache\firebase\emulators\ui-v1.14.0\client\assets\index-ClZTY_JS.js.map
[debug] [2025-04-03T21:07:12.010Z] [unzip] Entry: client/assets/index-ClZTY_JS.js (compressed_size=567195 bytes, uncompressed_size=2035940 bytes)
[debug] [2025-04-03T21:07:12.010Z] [unzip] Processing entry: client\assets\index-ClZTY_JS.js
[debug] [2025-04-03T21:07:12.010Z] [unzip] else mkdir: C:\Users\Usuario\.cache\firebase\emulators\ui-v1.14.0\client\assets
[debug] [2025-04-03T21:07:12.011Z] [unzip] deflating: C:\Users\Usuario\.cache\firebase\emulators\ui-v1.14.0\client\assets\index-ClZTY_JS.js
[debug] [2025-04-03T21:07:12.062Z] [unzip] Entry: client/assets/index-BdgySamB.css (compressed_size=35979 bytes, uncompressed_size=298654 bytes)
[debug] [2025-04-03T21:07:12.062Z] [unzip] Processing entry: client\assets\index-BdgySamB.css
[debug] [2025-04-03T21:07:12.062Z] [unzip] else mkdir: C:\Users\Usuario\.cache\firebase\emulators\ui-v1.14.0\client\assets
[debug] [2025-04-03T21:07:12.063Z] [unzip] deflating: C:\Users\Usuario\.cache\firebase\emulators\ui-v1.14.0\client\assets\index-BdgySamB.css
[debug] [2025-04-03T21:07:12.080Z] [unzip] Entry: client/assets/extensions/ (compressed_size=0 bytes, uncompressed_size=0 bytes)
[debug] [2025-04-03T21:07:12.080Z] [unzip] Processing entry: client\assets\extensions\
[debug] [2025-04-03T21:07:12.080Z] [unzip] mkdir: C:\Users\Usuario\.cache\firebase\emulators\ui-v1.14.0\client\assets\extensions\
[debug] [2025-04-03T21:07:12.081Z] [unzip] Entry: client/assets/extensions/default-extension.png (compressed_size=1646 bytes, uncompressed_size=1657 bytes)
[debug] [2025-04-03T21:07:12.081Z] [unzip] Processing entry: client\assets\extensions\default-extension.png
[debug] [2025-04-03T21:07:12.081Z] [unzip] else mkdir: C:\Users\Usuario\.cache\firebase\emulators\ui-v1.14.0\client\assets\extensions
[debug] [2025-04-03T21:07:12.082Z] [unzip] deflating: C:\Users\Usuario\.cache\firebase\emulators\ui-v1.14.0\client\assets\extensions\default-extension.png
[debug] [2025-04-03T21:07:12.086Z] [unzip] Entry: client/assets/img/ (compressed_size=0 bytes, uncompressed_size=0 bytes)
[debug] [2025-04-03T21:07:12.086Z] [unzip] Processing entry: client\assets\img\
[debug] [2025-04-03T21:07:12.087Z] [unzip] mkdir: C:\Users\Usuario\.cache\firebase\emulators\ui-v1.14.0\client\assets\img\
[debug] [2025-04-03T21:07:12.087Z] [unzip] Entry: client/assets/img/database.png (compressed_size=29449 bytes, uncompressed_size=29988 bytes)
[debug] [2025-04-03T21:07:12.087Z] [unzip] Processing entry: client\assets\img\database.png
[debug] [2025-04-03T21:07:12.087Z] [unzip] else mkdir: C:\Users\Usuario\.cache\firebase\emulators\ui-v1.14.0\client\assets\img
[debug] [2025-04-03T21:07:12.088Z] [unzip] deflating: C:\Users\Usuario\.cache\firebase\emulators\ui-v1.14.0\client\assets\img\database.png
[debug] [2025-04-03T21:07:12.093Z] [unzip] Entry: client/assets/provider-icons/ (compressed_size=0 bytes, uncompressed_size=0 bytes)
[debug] [2025-04-03T21:07:12.093Z] [unzip] Processing entry: client\assets\provider-icons\
[debug] [2025-04-03T21:07:12.093Z] [unzip] mkdir: C:\Users\Usuario\.cache\firebase\emulators\ui-v1.14.0\client\assets\provider-icons\
[debug] [2025-04-03T21:07:12.095Z] [unzip] Entry: client/assets/provider-icons/auth_service_saml.svg (compressed_size=575 bytes, uncompressed_size=1226 bytes)
[debug] [2025-04-03T21:07:12.095Z] [unzip] Processing entry: client\assets\provider-icons\auth_service_saml.svg
[debug] [2025-04-03T21:07:12.095Z] [unzip] else mkdir: C:\Users\Usuario\.cache\firebase\emulators\ui-v1.14.0\client\assets\provider-icons
[debug] [2025-04-03T21:07:12.096Z] [unzip] deflating: C:\Users\Usuario\.cache\firebase\emulators\ui-v1.14.0\client\assets\provider-icons\auth_service_saml.svg
[debug] [2025-04-03T21:07:12.103Z] [unzip] Entry: client/assets/provider-icons/auth_service_phone.svg (compressed_size=261 bytes, uncompressed_size=414 bytes)
[debug] [2025-04-03T21:07:12.103Z] [unzip] Processing entry: client\assets\provider-icons\auth_service_phone.svg
[debug] [2025-04-03T21:07:12.103Z] [unzip] else mkdir: C:\Users\Usuario\.cache\firebase\emulators\ui-v1.14.0\client\assets\provider-icons
[debug] [2025-04-03T21:07:12.104Z] [unzip] deflating: C:\Users\Usuario\.cache\firebase\emulators\ui-v1.14.0\client\assets\provider-icons\auth_service_phone.svg
[debug] [2025-04-03T21:07:12.111Z] [unzip] Entry: client/assets/provider-icons/auth_service_facebook.svg (compressed_size=289 bytes, uncompressed_size=457 bytes)
[debug] [2025-04-03T21:07:12.111Z] [unzip] Processing entry: client\assets\provider-icons\auth_service_facebook.svg
[debug] [2025-04-03T21:07:12.111Z] [unzip] else mkdir: C:\Users\Usuario\.cache\firebase\emulators\ui-v1.14.0\client\assets\provider-icons
[debug] [2025-04-03T21:07:12.120Z] [unzip] deflating: C:\Users\Usuario\.cache\firebase\emulators\ui-v1.14.0\client\assets\provider-icons\auth_service_facebook.svg
[debug] [2025-04-03T21:07:12.137Z] [unzip] Entry: client/assets/provider-icons/auth_service_game_center.svg (compressed_size=991 bytes, uncompressed_size=3921 bytes)
[debug] [2025-04-03T21:07:12.137Z] [unzip] Processing entry: client\assets\provider-icons\auth_service_game_center.svg
[debug] [2025-04-03T21:07:12.137Z] [unzip] else mkdir: C:\Users\Usuario\.cache\firebase\emulators\ui-v1.14.0\client\assets\provider-icons
[debug] [2025-04-03T21:07:12.138Z] [unzip] deflating: C:\Users\Usuario\.cache\firebase\emulators\ui-v1.14.0\client\assets\provider-icons\auth_service_game_center.svg
[debug] [2025-04-03T21:07:12.144Z] [unzip] Entry: client/assets/provider-icons/auth_service_apple.svg (compressed_size=230 bytes, uncompressed_size=334 bytes)
[debug] [2025-04-03T21:07:12.144Z] [unzip] Processing entry: client\assets\provider-icons\auth_service_apple.svg
[debug] [2025-04-03T21:07:12.144Z] [unzip] else mkdir: C:\Users\Usuario\.cache\firebase\emulators\ui-v1.14.0\client\assets\provider-icons
[debug] [2025-04-03T21:07:12.145Z] [unzip] deflating: C:\Users\Usuario\.cache\firebase\emulators\ui-v1.14.0\client\assets\provider-icons\auth_service_apple.svg
[debug] [2025-04-03T21:07:12.151Z] [unzip] Entry: client/assets/provider-icons/auth_service_github.svg (compressed_size=466 bytes, uncompressed_size=838 bytes)
[debug] [2025-04-03T21:07:12.151Z] [unzip] Processing entry: client\assets\provider-icons\auth_service_github.svg
[debug] [2025-04-03T21:07:12.151Z] [unzip] else mkdir: C:\Users\Usuario\.cache\firebase\emulators\ui-v1.14.0\client\assets\provider-icons
[debug] [2025-04-03T21:07:12.152Z] [unzip] deflating: C:\Users\Usuario\.cache\firebase\emulators\ui-v1.14.0\client\assets\provider-icons\auth_service_github.svg
[debug] [2025-04-03T21:07:12.158Z] [unzip] Entry: client/assets/provider-icons/auth_service_mslive.svg (compressed_size=203 bytes, uncompressed_size=378 bytes)
[debug] [2025-04-03T21:07:12.158Z] [unzip] Processing entry: client\assets\provider-icons\auth_service_mslive.svg
[debug] [2025-04-03T21:07:12.158Z] [unzip] else mkdir: C:\Users\Usuario\.cache\firebase\emulators\ui-v1.14.0\client\assets\provider-icons
[debug] [2025-04-03T21:07:12.159Z] [unzip] deflating: C:\Users\Usuario\.cache\firebase\emulators\ui-v1.14.0\client\assets\provider-icons\auth_service_mslive.svg
[debug] [2025-04-03T21:07:12.166Z] [unzip] Entry: client/assets/provider-icons/auth_service_yahoo.svg (compressed_size=577 bytes, uncompressed_size=1182 bytes)
[debug] [2025-04-03T21:07:12.166Z] [unzip] Processing entry: client\assets\provider-icons\auth_service_yahoo.svg
[debug] [2025-04-03T21:07:12.166Z] [unzip] else mkdir: C:\Users\Usuario\.cache\firebase\emulators\ui-v1.14.0\client\assets\provider-icons
[debug] [2025-04-03T21:07:12.167Z] [unzip] deflating: C:\Users\Usuario\.cache\firebase\emulators\ui-v1.14.0\client\assets\provider-icons\auth_service_yahoo.svg
[debug] [2025-04-03T21:07:12.173Z] [unzip] Entry: client/assets/provider-icons/auth_service_twitter.svg (compressed_size=444 bytes, uncompressed_size=751 bytes)
[debug] [2025-04-03T21:07:12.173Z] [unzip] Processing entry: client\assets\provider-icons\auth_service_twitter.svg
[debug] [2025-04-03T21:07:12.173Z] [unzip] else mkdir: C:\Users\Usuario\.cache\firebase\emulators\ui-v1.14.0\client\assets\provider-icons
[debug] [2025-04-03T21:07:12.174Z] [unzip] deflating: C:\Users\Usuario\.cache\firebase\emulators\ui-v1.14.0\client\assets\provider-icons\auth_service_twitter.svg
[debug] [2025-04-03T21:07:12.181Z] [unzip] Entry: client/assets/provider-icons/auth_service_play_games.svg (compressed_size=565 bytes, uncompressed_size=1173 bytes)
[debug] [2025-04-03T21:07:12.181Z] [unzip] Processing entry: client\assets\provider-icons\auth_service_play_games.svg
[debug] [2025-04-03T21:07:12.181Z] [unzip] else mkdir: C:\Users\Usuario\.cache\firebase\emulators\ui-v1.14.0\client\assets\provider-icons
[debug] [2025-04-03T21:07:12.182Z] [unzip] deflating: C:\Users\Usuario\.cache\firebase\emulators\ui-v1.14.0\client\assets\provider-icons\auth_service_play_games.svg
[debug] [2025-04-03T21:07:12.188Z] [unzip] Entry: client/assets/provider-icons/auth_service_email.svg (compressed_size=228 bytes, uncompressed_size=326 bytes)
[debug] [2025-04-03T21:07:12.188Z] [unzip] Processing entry: client\assets\provider-icons\auth_service_email.svg
[debug] [2025-04-03T21:07:12.188Z] [unzip] else mkdir: C:\Users\Usuario\.cache\firebase\emulators\ui-v1.14.0\client\assets\provider-icons
[debug] [2025-04-03T21:07:12.188Z] [unzip] deflating: C:\Users\Usuario\.cache\firebase\emulators\ui-v1.14.0\client\assets\provider-icons\auth_service_email.svg
[debug] [2025-04-03T21:07:12.195Z] [unzip] Entry: client/assets/provider-icons/auth_service_google.svg (compressed_size=409 bytes, uncompressed_size=720 bytes)
[debug] [2025-04-03T21:07:12.195Z] [unzip] Processing entry: client\assets\provider-icons\auth_service_google.svg
[debug] [2025-04-03T21:07:12.195Z] [unzip] else mkdir: C:\Users\Usuario\.cache\firebase\emulators\ui-v1.14.0\client\assets\provider-icons
[debug] [2025-04-03T21:07:12.196Z] [unzip] deflating: C:\Users\Usuario\.cache\firebase\emulators\ui-v1.14.0\client\assets\provider-icons\auth_service_google.svg
[debug] [2025-04-03T21:07:12.201Z] [unzip] Entry: client/assets/provider-icons/auth_service_oidc.svg (compressed_size=414 bytes, uncompressed_size=858 bytes)
[debug] [2025-04-03T21:07:12.201Z] [unzip] Processing entry: client\assets\provider-icons\auth_service_oidc.svg
[debug] [2025-04-03T21:07:12.201Z] [unzip] else mkdir: C:\Users\Usuario\.cache\firebase\emulators\ui-v1.14.0\client\assets\provider-icons
[debug] [2025-04-03T21:07:12.202Z] [unzip] deflating: C:\Users\Usuario\.cache\firebase\emulators\ui-v1.14.0\client\assets\provider-icons\auth_service_oidc.svg
[debug] [2025-04-03T21:07:12.207Z] [unzip] Entry: client/browserconfig.xml (compressed_size=491 bytes, uncompressed_size=822 bytes)
[debug] [2025-04-03T21:07:12.207Z] [unzip] Processing entry: client\browserconfig.xml
[debug] [2025-04-03T21:07:12.207Z] [unzip] else mkdir: C:\Users\Usuario\.cache\firebase\emulators\ui-v1.14.0\client
[debug] [2025-04-03T21:07:12.208Z] [unzip] deflating: C:\Users\Usuario\.cache\firebase\emulators\ui-v1.14.0\client\browserconfig.xml
[debug] [2025-04-03T21:07:12.213Z] [unzip] Entry: client/favicon-32x32.png (compressed_size=475 bytes, uncompressed_size=475 bytes)
[debug] [2025-04-03T21:07:12.213Z] [unzip] Processing entry: client\favicon-32x32.png
[debug] [2025-04-03T21:07:12.213Z] [unzip] else mkdir: C:\Users\Usuario\.cache\firebase\emulators\ui-v1.14.0\client
[debug] [2025-04-03T21:07:12.214Z] [unzip] Writing file: C:\Users\Usuario\.cache\firebase\emulators\ui-v1.14.0\client\favicon-32x32.png
[debug] [2025-04-03T21:07:12.218Z] [unzip] Entry: server/ (compressed_size=0 bytes, uncompressed_size=0 bytes)
[debug] [2025-04-03T21:07:12.218Z] [unzip] Processing entry: server\
[debug] [2025-04-03T21:07:12.218Z] [unzip] mkdir: C:\Users\Usuario\.cache\firebase\emulators\ui-v1.14.0\server\
[debug] [2025-04-03T21:07:12.219Z] [unzip] Entry: server/server.mjs.map (compressed_size=296496 bytes, uncompressed_size=1355667 bytes)
[debug] [2025-04-03T21:07:12.219Z] [unzip] Processing entry: server\server.mjs.map
[debug] [2025-04-03T21:07:12.219Z] [unzip] else mkdir: C:\Users\Usuario\.cache\firebase\emulators\ui-v1.14.0\server
[debug] [2025-04-03T21:07:12.219Z] [unzip] deflating: C:\Users\Usuario\.cache\firebase\emulators\ui-v1.14.0\server\server.mjs.map
[debug] [2025-04-03T21:07:12.233Z] [unzip] Entry: server/server.mjs (compressed_size=315701 bytes, uncompressed_size=1172682 bytes)
[debug] [2025-04-03T21:07:12.233Z] [unzip] Processing entry: server\server.mjs
[debug] [2025-04-03T21:07:12.233Z] [unzip] else mkdir: C:\Users\Usuario\.cache\firebase\emulators\ui-v1.14.0\server
[debug] [2025-04-03T21:07:12.234Z] [unzip] deflating: C:\Users\Usuario\.cache\firebase\emulators\ui-v1.14.0\server\server.mjs
[debug] [2025-04-03T21:07:12.261Z] [unzip] Entry: server/assets/ (compressed_size=0 bytes, uncompressed_size=0 bytes)
[debug] [2025-04-03T21:07:12.261Z] [unzip] Processing entry: server\assets\
[debug] [2025-04-03T21:07:12.261Z] [unzip] mkdir: C:\Users\Usuario\.cache\firebase\emulators\ui-v1.14.0\server\assets\
[debug] [2025-04-03T21:07:12.262Z] [unzip] Entry: server/assets/multipart-parser-DGCUZdXu.mjs.map (compressed_size=4791 bytes, uncompressed_size=17918 bytes)
[debug] [2025-04-03T21:07:12.262Z] [unzip] Processing entry: server\assets\multipart-parser-DGCUZdXu.mjs.map
[debug] [2025-04-03T21:07:12.262Z] [unzip] else mkdir: C:\Users\Usuario\.cache\firebase\emulators\ui-v1.14.0\server\assets
[debug] [2025-04-03T21:07:12.262Z] [unzip] deflating: C:\Users\Usuario\.cache\firebase\emulators\ui-v1.14.0\server\assets\multipart-parser-DGCUZdXu.mjs.map
[debug] [2025-04-03T21:07:12.270Z] [unzip] Entry: server/assets/multipart-parser-DGCUZdXu.mjs (compressed_size=2621 bytes, uncompressed_size=10390 bytes)
[debug] [2025-04-03T21:07:12.270Z] [unzip] Processing entry: server\assets\multipart-parser-DGCUZdXu.mjs
[debug] [2025-04-03T21:07:12.270Z] [unzip] else mkdir: C:\Users\Usuario\.cache\firebase\emulators\ui-v1.14.0\server\assets
[debug] [2025-04-03T21:07:12.271Z] [unzip] deflating: C:\Users\Usuario\.cache\firebase\emulators\ui-v1.14.0\server\assets\multipart-parser-DGCUZdXu.mjs
[info] i  functions: Watching "C:\Users\Usuario\Certidoes\functions" for Cloud Functions... {"metadata":{"emulator":{"name":"functions"},"message":"Watching \"C:\\Users\\Usuario\\Certidoes\\functions\" for Cloud Functions..."}}
[debug] [2025-04-03T21:07:12.292Z] Validating nodejs source
[debug] [2025-04-03T21:07:18.459Z] > [functions] package.json contents: {
  "name": "functions",
  "description": "Cloud Functions for Firebase",
  "scripts": {
    "serve": "firebase emulators:start --only functions",
    "shell": "firebase functions:shell",
    "start": "npm run shell",
    "deploy": "firebase deploy --only functions",
    "logs": "firebase functions:log"
  },
  "engines": {
    "node": "18"
  },
  "main": "index.js",
  "dependencies": {
    "firebase-admin": "^13.2.0",
    "firebase-functions": "^6.3.2",
    "nodemailer": "^6.10.0"
  },
  "private": true
}
[debug] [2025-04-03T21:07:18.459Z] Building nodejs source
[debug] [2025-04-03T21:07:18.459Z] Failed to find version of module node: reached end of search path C:\Users\Usuario\Certidoes\functions\node_modules
[warn] !  functions: Your requested "node" version "18" doesn't match your global version "22". Using node@22 from host. 
[debug] [2025-04-03T21:07:18.463Z] Could not find functions.yaml. Must use http discovery
[debug] [2025-04-03T21:07:18.474Z] Found firebase-functions binary at 'C:\Users\Usuario\Certidoes\functions\node_modules\.bin\firebase-functions'
[info] Serving at port 8663

[error] (node:2984) [DEP0040] DeprecationWarning: The `punycode` module is deprecated. Please use a userland alternative instead.
(Use `node --trace-deprecation ...` to show where the warning was created)

[error] TypeError: functions.database.ref is not a function
    at Object.<anonymous> (C:\Users\Usuario\Certidoes\functions\index.js:105:4)
    at Module._compile (node:internal/modules/cjs/loader:1562:14)
    at Object..js (node:internal/modules/cjs/loader:1699:10)
    at Module.load (node:internal/modules/cjs/loader:1313:32)
    at Function._load (node:internal/modules/cjs/loader:1123:12)
    at TracingChannel.traceSync (node:diagnostics_channel:322:14)
    at wrapModuleLoad (node:internal/modules/cjs/loader:217:24)
    at Module.require (node:internal/modules/cjs/loader:1335:12)
    at require (node:internal/modules/helpers:136:16)
    at loadModule (C:\Users\Usuario\Certidoes\functions\node_modules\firebase-functions\lib\runtime\loader.js:40:16)

[debug] [2025-04-03T21:07:27.583Z] Got response code 400; body Failed to generate manifest from function source: TypeError: functions.database.ref is not a function
[error] !!  functions: Failed to load function definition from source: FirebaseError: Functions codebase could not be analyzed successfully. It may have a syntax or runtime error {"metadata":{"emulator":{"name":"functions"},"message":"Failed to load function definition from source: FirebaseError: Functions codebase could not be analyzed successfully. It may have a syntax or runtime error"}}
[debug] [2025-04-03T21:07:31.632Z] Could not find VSCode notification endpoint: FetchError: request to http://localhost:40001/vscode/notify failed, reason: . If you are not running the Firebase Data Connect VSCode extension, this is expected and not an issue.
[info] 
┌─────────────────────────────────────────────────────────────┐
│ ✔  All emulators ready! It is now safe to connect your app. │
│ i  View Emulator UI at http://127.0.0.1:4000/               │
└─────────────────────────────────────────────────────────────┘

┌───────────┬────────────────┬─────────────────────────────────┐
│ Emulator  │ Host:Port      │ View in Emulator UI             │
├───────────┼────────────────┼─────────────────────────────────┤
│ Functions │ 127.0.0.1:5001 │ http://127.0.0.1:4000/functions │
└───────────┴────────────────┴─────────────────────────────────┘
  Emulator Hub host: 127.0.0.1 port: 4400
  Other reserved ports: 4500

Issues? Report them at https://github.com/firebase/firebase-tools/issues and attach the *-debug.log files.
 
[debug] [2025-04-03T21:19:08.765Z] File C:\Users\Usuario\Certidoes\functions\index.js changed, reloading triggers {"metadata":{"emulator":{"name":"functions"},"message":"File C:\\Users\\Usuario\\Certidoes\\functions\\index.js changed, reloading triggers"}}
[debug] [2025-04-03T21:19:09.781Z] Validating nodejs source
[debug] [2025-04-03T21:19:18.301Z] > [functions] package.json contents: {
  "name": "functions",
  "description": "Cloud Functions for Firebase",
  "scripts": {
    "serve": "firebase emulators:start --only functions",
    "shell": "firebase functions:shell",
    "start": "npm run shell",
    "deploy": "firebase deploy --only functions",
    "logs": "firebase functions:log"
  },
  "engines": {
    "node": "18"
  },
  "main": "index.js",
  "dependencies": {
    "firebase-admin": "^13.2.0",
    "firebase-functions": "^6.3.2",
    "nodemailer": "^6.10.0"
  },
  "private": true
}
[debug] [2025-04-03T21:19:18.301Z] Building nodejs source
[debug] [2025-04-03T21:19:18.301Z] Failed to find version of module node: reached end of search path C:\Users\Usuario\Certidoes\functions\node_modules
[warn] !  functions: Your requested "node" version "18" doesn't match your global version "22". Using node@22 from host. 
[debug] [2025-04-03T21:19:18.306Z] Could not find functions.yaml. Must use http discovery
[debug] [2025-04-03T21:19:18.329Z] Found firebase-functions binary at 'C:\Users\Usuario\Certidoes\functions\node_modules\.bin\firebase-functions'
[info] Serving at port 8053

[error] (node:2556) [DEP0040] DeprecationWarning: The `punycode` module is deprecated. Please use a userland alternative instead.
(Use `node --trace-deprecation ...` to show where the warning was created)

[error] TypeError: functions.database.ref is not a function
    at Object.<anonymous> (C:\Users\Usuario\Certidoes\functions\index.js:105:4)
    at Module._compile (node:internal/modules/cjs/loader:1562:14)
    at Object..js (node:internal/modules/cjs/loader:1699:10)
    at Module.load (node:internal/modules/cjs/loader:1313:32)
    at Function._load (node:internal/modules/cjs/loader:1123:12)
    at TracingChannel.traceSync (node:diagnostics_channel:322:14)
    at wrapModuleLoad (node:internal/modules/cjs/loader:217:24)
    at Module.require (node:internal/modules/cjs/loader:1335:12)
    at require (node:internal/modules/helpers:136:16)
    at loadModule (C:\Users\Usuario\Certidoes\functions\node_modules\firebase-functions\lib\runtime\loader.js:40:16)

[debug] [2025-04-03T21:19:28.346Z] Got response code 400; body Failed to generate manifest from function source: TypeError: functions.database.ref is not a function
[error] !!  functions: Failed to load function definition from source: FirebaseError: Functions codebase could not be analyzed successfully. It may have a syntax or runtime error {"metadata":{"emulator":{"name":"functions"},"message":"Failed to load function definition from source: FirebaseError: Functions codebase could not be analyzed successfully. It may have a syntax or runtime error"}}
[debug] [2025-04-03T21:19:50.852Z] Received signal SIGHUP 1
[info]  
[info] i  emulators: Received SIGHUP for the first time. Starting a clean shutdown. 
[info] i  emulators: Please wait for a clean shutdown or send the SIGHUP signal again to stop right now. 
[info] i  emulators: Shutting down emulators. {"metadata":{"emulator":{"name":"hub"},"message":"Shutting down emulators."}}
[info] i  ui: Stopping Emulator UI {"metadata":{"emulator":{"name":"ui"},"message":"Stopping Emulator UI"}}
[info] i  functions: Stopping Functions Emulator {"metadata":{"emulator":{"name":"functions"},"message":"Stopping Functions Emulator"}}
[info] i  eventarc: Stopping Eventarc Emulator {"metadata":{"emulator":{"name":"eventarc"},"message":"Stopping Eventarc Emulator"}}
[info] i  tasks: Stopping Cloud Tasks Emulator {"metadata":{"emulator":{"name":"tasks"},"message":"Stopping Cloud Tasks Emulator"}}
[info] i  hub: Stopping emulator hub {"metadata":{"emulator":{"name":"hub"},"message":"Stopping emulator hub"}}
[info] i  logging: Stopping Logging Emulator {"metadata":{"emulator":{"name":"logging"},"message":"Stopping Logging Emulator"}}
[debug] [2025-04-03T21:19:50.868Z] Could not find VSCode notification endpoint: FetchError: request to http://localhost:40001/vscode/notify failed, reason: . If you are not running the Firebase Data Connect VSCode extension, this is expected and not an issue.
